#
# There is insufficient memory for the Java Runtime Environment to continue.
# Native memory allocation (mmap) failed to map 65536 bytes. Error detail: Failed to commit metaspace.
# Possible reasons:
#   The system is out of physical RAM or swap space
#   This process is running with CompressedOops enabled, and the Java Heap may be blocking the growth of the native heap
# Possible solutions:
#   Reduce memory load on the system
#   Increase physical memory or swap space
#   Check if swap backing store is full
#   Decrease Java heap size (-Xmx/-Xms)
#   Decrease number of Java threads
#   Decrease Java thread stack sizes (-Xss)
#   Set larger code cache with -XX:ReservedCodeCacheSize=
#   JVM is running with Unscaled Compressed Oops mode in which the Java heap is
#     placed in the first 4GB address space. The Java Heap base address is the
#     maximum limit for the native heap growth. Please use -XX:HeapBaseMinAddress
#     to set the Java Heap base and to place the Java Heap above 4GB virtual address.
# This output file may be truncated or incomplete.
#
#  Out of Memory Error (virtualSpaceNode.cpp:112), pid=17940, tid=10044
#
# JRE version: OpenJDK Runtime Environment (22.0.1+8) (build 22.0.1+8-16)
# Java VM: OpenJDK 64-Bit Server VM (22.0.1+8-16, mixed mode, sharing, tiered, compressed oops, compressed class ptrs, g1 gc, windows-amd64)
# No core dump will be written. Minidumps are not enabled by default on client versions of Windows
#

---------------  S U M M A R Y ------------

Command Line: -javaagent:C:\Program Files\Java\IntelliJ IDEA Community Edition 2024.1\lib\idea_rt.jar=52711:C:\Program Files\Java\IntelliJ IDEA Community Edition 2024.1\bin -Dfile.encoding=UTF-8 -Dsun.stdout.encoding=UTF-8 -Dsun.stderr.encoding=UTF-8 HomePage

Host: Intel(R) Core(TM) i5-6440HQ CPU @ 2.60GHz, 4 cores, 7G,  Windows 11 , 64 bit Build 22621 (10.0.22621.3527)
Time: Tue Jun 25 22:50:13 2024 Egypt Daylight Time elapsed time: 7.170499 seconds (0d 0h 0m 7s)

---------------  T H R E A D  ---------------

Current thread (0x00000273f06af490):  JavaThread "Forwarding findElement on session 5f2f2031930bbfe5e5c6edacce33d2c6 to remote"        [_thread_in_vm, id=10044, stack(0x000000e21f000000,0x000000e21f100000) (1024K)]

Stack: [0x000000e21f000000,0x000000e21f100000]
Native frames: (J=compiled Java code, j=interpreted, Vv=VM code, C=native code)
V  [jvm.dll+0x6e2279]  (no source info available)
V  [jvm.dll+0x874e33]  (no source info available)
V  [jvm.dll+0x87725e]  (no source info available)
V  [jvm.dll+0x877933]  (no source info available)
V  [jvm.dll+0x27fd76]  (no source info available)
V  [jvm.dll+0x870a7e]  (no source info available)
V  [jvm.dll+0x6852e5]  (no source info available)
V  [jvm.dll+0x68534a]  (no source info available)
V  [jvm.dll+0x687b8a]  (no source info available)
V  [jvm.dll+0x2250ac]  (no source info available)
V  [jvm.dll+0x685cfe]  (no source info available)
V  [jvm.dll+0x26b190]  (no source info available)
V  [jvm.dll+0x215cf7]  (no source info available)
V  [jvm.dll+0x20b4ee]  (no source info available)
V  [jvm.dll+0x5c462f]  (no source info available)
V  [jvm.dll+0x21cc6a]  (no source info available)
V  [jvm.dll+0x7eb6dc]  (no source info available)
V  [jvm.dll+0x7ec776]  (no source info available)
V  [jvm.dll+0x7ecd84]  (no source info available)
V  [jvm.dll+0x7eca08]  (no source info available)
V  [jvm.dll+0x26d79b]  (no source info available)
V  [jvm.dll+0x26d9ca]  (no source info available)
V  [jvm.dll+0x5e7d27]  (no source info available)
V  [jvm.dll+0x5ead26]  (no source info available)
V  [jvm.dll+0x3dd89d]  (no source info available)
V  [jvm.dll+0x3dce9d]  (no source info available)
C  0x0000027387549951  (no source info available)

The last pc belongs to invokestatic (printed below).
Java frames: (J=compiled Java code, j=interpreted, Vv=VM code)
j  java.lang.management.ManagementFactory.getPlatformMXBean(Ljava/lang/Class;)Ljava/lang/management/PlatformManagedObject;+1 java.management@22.0.1
j  java.lang.management.ManagementFactory.getRuntimeMXBean()Ljava/lang/management/RuntimeMXBean;+2 java.management@22.0.1
j  org.openqa.selenium.internal.Debug.<clinit>()V+0
v  ~StubRoutines::call_stub 0x000002738753100d
j  org.openqa.selenium.remote.RemoteWebDriver.execute(Lorg/openqa/selenium/remote/CommandPayload;)Lorg/openqa/selenium/remote/Response;+263
j  org.openqa.selenium.remote.ElementLocation$ElementFinder$2.findElement(Lorg/openqa/selenium/remote/RemoteWebDriver;Lorg/openqa/selenium/SearchContext;Ljava/util/function/BiFunction;Lorg/openqa/selenium/By;)Lorg/openqa/selenium/WebElement;+36
j  org.openqa.selenium.remote.ElementLocation.findElement(Lorg/openqa/selenium/remote/RemoteWebDriver;Lorg/openqa/selenium/SearchContext;Ljava/util/function/BiFunction;Lorg/openqa/selenium/By;)Lorg/openqa/selenium/WebElement;+80
j  org.openqa.selenium.remote.RemoteWebDriver.findElement(Lorg/openqa/selenium/SearchContext;Ljava/util/function/BiFunction;Lorg/openqa/selenium/By;)Lorg/openqa/selenium/WebElement;+8
j  org.openqa.selenium.remote.RemoteWebDriver.findElement(Lorg/openqa/selenium/By;)Lorg/openqa/selenium/WebElement;+16
j  HomePage.main([Ljava/lang/String;)V+58
v  ~StubRoutines::call_stub 0x000002738753100d
invokestatic  184 invokestatic  [0x00000273875498a0, 0x0000027387549b80]  736 bytes
[MachCode]
  0x00000273875498a0: 4883 ec08 | c5fa 1104 | 24eb 1f48 | 83ec 10c5 | fb11 0424 | eb14 4883 | ec10 4889 | 0424 48c7 
  0x00000273875498c0: 4424 0800 | 0000 00eb | 0150 488b | 4dd0 410f | b755 0148 | 8b49 306b | d218 488d | 4c11 080f 
  0x00000273875498e0: b659 1681 | fbb8 0000 | 000f 84bd | 0000 00bb | b800 0000 | e805 0000 | 00e9 9900 | 0000 488b 
  0x0000027387549900: d348 8d44 | 2408 4c89 | 6dc0 498b | cfc5 f877 | 4989 afb0 | 0300 0049 | 8987 a003 | 0000 4883 
  0x0000027387549920: ec20 40f6 | c40f 0f84 | 1900 0000 | 4883 ec08 | 48b8 30ce | 845d fd7f | 0000 ffd0 | 4883 c408 
  0x0000027387549940: e90c 0000 | 0048 b830 | ce84 5dfd | 7f00 00ff | d048 83c4 | 2049 c787 | a003 0000 | 0000 0000 
  0x0000027387549960: 49c7 87b0 | 0300 0000 | 0000 0049 | c787 a803 | 0000 0000 | 0000 c5f8 | 7749 837f | 0800 0f84 
  0x0000027387549980: 0500 0000 | e977 75fe | ff4c 8b6d | c04c 8b75 | c84e 8d74 | f500 c348 | 8b4d d041 | 0fb7 5501 
  0x00000273875499a0: 488b 4930 | 6bd2 1848 | 8d4c 1108 | 488b 1948 | 8b5b 0848 | 8b5b 0848 | 8b5b 1880 | bb20 0100 
  0x00000273875499c0: 0005 0f84 | 0d00 0000 | 4c3b bb30 | 0100 000f | 851a ffff | ff0f b651 | 1548 8b19 | 4c89 6dc0 
  0x00000273875499e0: 448b ea0f | b651 1449 | ba00 b90e | 5efd 7f00 | 0049 8b14 | d252 418b | d54c 8b6d | c048 8b45 
  0x0000027387549a00: d848 85c0 | 0f84 1200 | 0000 4883 | 4008 0148 | 8358 0800 | 4883 c010 | 4889 45d8 | 488b 45d8 
  0x0000027387549a20: 4885 c00f | 843d 0100 | 0080 78f0 | 0a0f 8533 | 0100 0048 | 83c0 084c | 8b68 f841 | 83ed 0041 
  0x0000027387549a40: 83fd 020f | 8c12 0100 | 004c 8b6b | 0845 0fb7 | 6d2e 4c2b | 2841 83ed | 014e 8b6c | ec08 4d85 
  0x0000027387549a60: ed75 0ef6 | 4008 0175 | 58f0 4883 | 4808 01eb | 5045 8b6d | 0849 ba00 | 0000 8f73 | 0200 004d 
  0x0000027387549a80: 03ea 4d8b | d54c 3368 | 0849 f7c5 | fcff ffff | 742f 41f6 | c502 7529 | 4883 7808 | 0074 1e48 
  0x0000027387549aa0: 8378 0801 | 7417 4d8b | ea4c 3368 | 0849 f7c5 | fcff ffff | 740b 4883 | 4808 02eb | 044c 8968 
  0x0000027387549ac0: 0848 83c0 | 104c 8b68 | e841 83ed | 0241 83fd | 020f 8c84 | 0000 004c | 8b6b 0845 | 0fb7 6d2e 
  0x0000027387549ae0: 4c2b 2841 | 83ed 014e | 8b6c ec08 | 4d85 ed75 | 0ef6 4008 | 0175 58f0 | 4883 4808 | 01eb 5045 
  0x0000027387549b00: 8b6d 0849 | ba00 0000 | 8f73 0200 | 004d 03ea | 4d8b d54c | 3368 0849 | f7c5 fcff | ffff 742f 
  0x0000027387549b20: 41f6 c502 | 7529 4883 | 7808 0074 | 1e48 8378 | 0801 7417 | 4d8b ea4c | 3368 0849 | f7c5 fcff 
  0x0000027387549b40: ffff 740b | 4883 4808 | 02eb 044c | 8968 0848 | 83c0 104c | 8b68 d841 | 83ed 0441 | c1e5 0349 
  0x0000027387549b60: 03c5 4889 | 45d8 4c8d | 6c24 0849 | 8bcd 482b | cd48 c1f9 | 0348 894d | f0ff 6350 | 0f1f 4000 
[/MachCode]

---------------  P R O C E S S  ---------------

Threads class SMR info:
_java_thread_list=0x00000273d583c6a0, length=36, elements={
0x00000273f06af490, 0x00000273fd653be0, 0x00000273fd658910, 0x00000273fd65be30,
0x00000273fd660d30, 0x00000273fd663f40, 0x00000273fd6681a0, 0x00000273fd671c80,
0x00000273fd674680, 0x00000273d41cb410, 0x00000273d4489f70, 0x00000273d432af30,
0x00000273d4648900, 0x00000273d4978030, 0x00000273d49849c0, 0x00000273d4d3dd50,
0x00000273d4d3e3c0, 0x00000273d5191af0, 0x00000273d4a41d30, 0x00000273d4a42a50,
0x00000273d4a451b0, 0x00000273d4a43e00, 0x00000273d4a43770, 0x00000273d4a423c0,
0x00000273d4a44490, 0x00000273d4a44b20, 0x00000273d5a7fad0, 0x00000273d5a7edb0,
0x00000273d5a7e720, 0x00000273d5a807f0, 0x00000273d5a80e80, 0x00000273d5a7f440,
0x00000273d5a7e090, 0x00000273d5a80160, 0x00000273d4ae2200, 0x00000273d4ae5680
}

Java Threads: ( => current thread )
=>0x00000273f06af490 JavaThread "Forwarding findElement on session 5f2f2031930bbfe5e5c6edacce33d2c6 to remote"        [_thread_in_vm, id=10044, stack(0x000000e21f000000,0x000000e21f100000) (1024K)]
  0x00000273fd653be0 JavaThread "Reference Handler"          daemon [_thread_blocked, id=15420, stack(0x000000e21f800000,0x000000e21f900000) (1024K)]
  0x00000273fd658910 JavaThread "Finalizer"                  daemon [_thread_blocked, id=19892, stack(0x000000e21f900000,0x000000e21fa00000) (1024K)]
  0x00000273fd65be30 JavaThread "Signal Dispatcher"          daemon [_thread_blocked, id=3588, stack(0x000000e21fa00000,0x000000e21fb00000) (1024K)]
  0x00000273fd660d30 JavaThread "Attach Listener"            daemon [_thread_blocked, id=5368, stack(0x000000e21fb00000,0x000000e21fc00000) (1024K)]
  0x00000273fd663f40 JavaThread "Service Thread"             daemon [_thread_blocked, id=5676, stack(0x000000e21fc00000,0x000000e21fd00000) (1024K)]
  0x00000273fd6681a0 JavaThread "Monitor Deflation Thread"   daemon [_thread_blocked, id=21128, stack(0x000000e21fd00000,0x000000e21fe00000) (1024K)]
  0x00000273fd671c80 JavaThread "C2 CompilerThread0"         daemon [_thread_blocked, id=13264, stack(0x000000e21fe00000,0x000000e21ff00000) (1024K)]
  0x00000273fd674680 JavaThread "C1 CompilerThread0"         daemon [_thread_blocked, id=15304, stack(0x000000e21ff00000,0x000000e220000000) (1024K)]
  0x00000273d41cb410 JavaThread "Common-Cleaner"             daemon [_thread_blocked, id=17976, stack(0x000000e220000000,0x000000e220100000) (1024K)]
  0x00000273d4489f70 JavaThread "Monitor Ctrl-Break"         daemon [_thread_in_native, id=16408, stack(0x000000e220200000,0x000000e220300000) (1024K)]
  0x00000273d432af30 JavaThread "Notification Thread"        daemon [_thread_blocked, id=6908, stack(0x000000e220300000,0x000000e220400000) (1024K)]
  0x00000273d4648900 JavaThread "ForkJoinPool.commonPool-worker-1" daemon [_thread_blocked, id=13772, stack(0x000000e220100000,0x000000e220200000) (1024K)]
  0x00000273d4978030 JavaThread "HttpClient-1-SelectorManager" daemon [_thread_in_native, id=5508, stack(0x000000e220700000,0x000000e220800000) (1024K)]
  0x00000273d49849c0 JavaThread "External Process Output Forwarder - C:\Users\iTi\.cache\selenium\msedgedriver\win64\126.0.2592.68\msedgedriver.exe" daemon [_thread_in_native, id=14152, stack(0x000000e220800000,0x000000e220900000) (1024K)]
  0x00000273d4d3dd50 JavaThread "Driver Service Executor"    daemon [_thread_blocked, id=19828, stack(0x000000e220900000,0x000000e220a00000) (1024K)]
  0x00000273d4d3e3c0 JavaThread "Driver Service Executor"    daemon [_thread_in_native, id=19968, stack(0x000000e220a00000,0x000000e220b00000) (1024K)]
  0x00000273d5191af0 JavaThread "UrlChecker-2"               daemon [_thread_blocked, id=14752, stack(0x000000e220b00000,0x000000e220c00000) (1024K)]
  0x00000273d4a41d30 JavaThread "Keep-Alive-Timer"           daemon [_thread_blocked, id=20716, stack(0x000000e220d00000,0x000000e220e00000) (1024K)]
  0x00000273d4a42a50 JavaThread "JdkHttpClient-0-0"          daemon [_thread_blocked, id=20824, stack(0x000000e220e00000,0x000000e220f00000) (1024K)]
  0x00000273d4a451b0 JavaThread "JdkHttpClient-0-1"          daemon [_thread_blocked, id=14644, stack(0x000000e220f00000,0x000000e221000000) (1024K)]
  0x00000273d4a43e00 JavaThread "JdkHttpClient-0-2"          daemon [_thread_blocked, id=17328, stack(0x000000e221000000,0x000000e221100000) (1024K)]
  0x00000273d4a43770 JavaThread "HttpClient-2-SelectorManager" daemon [_thread_in_native, id=7216, stack(0x000000e221100000,0x000000e221200000) (1024K)]
  0x00000273d4a423c0 JavaThread "JdkHttpClient-1-0"          daemon [_thread_blocked, id=20756, stack(0x000000e221200000,0x000000e221300000) (1024K)]
  0x00000273d4a44490 JavaThread "JdkHttpClient-1-1"          daemon [_thread_blocked, id=52, stack(0x000000e221300000,0x000000e221400000) (1024K)]
  0x00000273d4a44b20 JavaThread "JdkHttpClient-1-2"          daemon [_thread_blocked, id=17160, stack(0x000000e221400000,0x000000e221500000) (1024K)]
  0x00000273d5a7fad0 JavaThread "HttpClient-3-SelectorManager" daemon [_thread_in_native, id=17936, stack(0x000000e221500000,0x000000e221600000) (1024K)]
  0x00000273d5a7edb0 JavaThread "Driver Service Executor"    daemon [_thread_blocked, id=15256, stack(0x000000e221700000,0x000000e221800000) (1024K)]
  0x00000273d5a7e720 JavaThread "Driver Service Executor"    daemon [_thread_blocked, id=20832, stack(0x000000e221800000,0x000000e221900000) (1024K)]
  0x00000273d5a807f0 JavaThread "JdkHttpClient-2-0"          daemon [_thread_blocked, id=8832, stack(0x000000e221900000,0x000000e221a00000) (1024K)]
  0x00000273d5a80e80 JavaThread "JdkHttpClient-2-1"          daemon [_thread_blocked, id=19672, stack(0x000000e221a00000,0x000000e221b00000) (1024K)]
  0x00000273d5a7f440 JavaThread "JdkHttpClient-2-2"          daemon [_thread_blocked, id=20788, stack(0x000000e221b00000,0x000000e221c00000) (1024K)]
  0x00000273d5a7e090 JavaThread "HttpClient-4-SelectorManager" daemon [_thread_in_native, id=11012, stack(0x000000e221c00000,0x000000e221d00000) (1024K)]
  0x00000273d5a80160 JavaThread "JdkHttpClient-3-0"          daemon [_thread_blocked, id=18904, stack(0x000000e221d00000,0x000000e221e00000) (1024K)]
  0x00000273d4ae2200 JavaThread "JdkHttpClient-3-1"          daemon [_thread_blocked, id=9272, stack(0x000000e221e00000,0x000000e221f00000) (1024K)]
  0x00000273d4ae5680 JavaThread "JdkHttpClient-3-2"          daemon [_thread_blocked, id=11028, stack(0x000000e221f00000,0x000000e222000000) (1024K)]
Total: 36

Other Threads:
  0x00000273fd63a050 VMThread "VM Thread"                           [id=20976, stack(0x000000e21f700000,0x000000e21f800000) (1024K)]
  0x00000273fd620810 WatcherThread "VM Periodic Task Thread"        [id=9996, stack(0x000000e21f600000,0x000000e21f700000) (1024K)]
  0x00000273f07065d0 WorkerThread "GC Thread#0"                     [id=8828, stack(0x000000e21f100000,0x000000e21f200000) (1024K)]
  0x00000273d4842e70 WorkerThread "GC Thread#1"                     [id=13748, stack(0x000000e220400000,0x000000e220500000) (1024K)]
  0x00000273d4843220 WorkerThread "GC Thread#2"                     [id=6800, stack(0x000000e220500000,0x000000e220600000) (1024K)]
  0x00000273d48831f0 WorkerThread "GC Thread#3"                     [id=4844, stack(0x000000e220600000,0x000000e220700000) (1024K)]
  0x00000273f07172f0 ConcurrentGCThread "G1 Main Marker"            [id=6784, stack(0x000000e21f200000,0x000000e21f300000) (1024K)]
  0x00000273f07194b0 WorkerThread "G1 Conc#0"                       [id=6716, stack(0x000000e21f300000,0x000000e21f400000) (1024K)]
  0x00000273fd4e6100 ConcurrentGCThread "G1 Refine#0"               [id=20924, stack(0x000000e21f400000,0x000000e21f500000) (1024K)]
  0x00000273fd4e7d40 ConcurrentGCThread "G1 Service"                [id=13092, stack(0x000000e21f500000,0x000000e21f600000) (1024K)]
Total: 10

Threads with active compile tasks:
Total: 0

VM state: not at safepoint (normal execution)

VM Mutex/Monitor currently owned by a thread:  ([mutex/lock_event])
[0x00007ffd5e0d9b38] Metaspace_lock - owner thread: 0x00000273f06af490

Heap address: 0x0000000081c00000, size: 2020 MB, Compressed Oops mode: 32-bit

CDS archive(s) mapped at: [0x000002738f000000-0x000002738fc50000-0x000002738fc50000), size 12910592, SharedBaseAddress: 0x000002738f000000, ArchiveRelocationMode: 1.
Compressed class space mapped at: 0x0000027390000000-0x00000273d0000000, reserved size: 1073741824
Narrow klass base: 0x000002738f000000, Narrow klass shift: 0, Narrow klass range: 0x41000000

GC Precious Log:
 CardTable entry size: 512
 Card Set container configuration: InlinePtr #cards 5 size 8 Array Of Cards #cards 12 size 40 Howl #buckets 4 coarsen threshold 1843 Howl Bitmap #cards 512 size 80 coarsen threshold 460 Card regions per heap region 1 cards per card region 2048
 CPUs: 4 total, 4 available
 Memory: 8076M
 Large Page Support: Disabled
 NUMA Support: Disabled
 Compressed Oops: Enabled (32-bit)
 Heap Region Size: 1M
 Heap Min Capacity: 8M
 Heap Initial Capacity: 128M
 Heap Max Capacity: 2020M
 Pre-touch: Disabled
 Parallel Workers: 4
 Concurrent Workers: 1
 Concurrent Refinement Workers: 4
 Periodic GC: Disabled

Heap:
 garbage-first heap   total reserved 2068480K, committed 131072K, used 8446K [0x0000000081c00000, 0x0000000100000000)
  region size 1024K, 5 young (5120K), 3 survivors (3072K)
 Metaspace       used 11947K, committed 12224K, reserved 1114112K
  class space    used 1458K, committed 1600K, reserved 1048576K

Heap Regions: E=young(eden), S=young(survivor), O=old, HS=humongous(starts), HC=humongous(continues), CS=collection set, F=free, TAMS=top-at-mark-start, PB=parsable bottom
|   0|0x0000000081c00000, 0x0000000081d00000, 0x0000000081d00000|100%| O|  |TAMS 0x0000000081c00000| PB 0x0000000081c00000| Untracked |  0
|   1|0x0000000081d00000, 0x0000000081e00000, 0x0000000081e00000|100%| O|  |TAMS 0x0000000081d00000| PB 0x0000000081d00000| Untracked |  0
|   2|0x0000000081e00000, 0x0000000081f00000, 0x0000000081f00000|100%| O|  |TAMS 0x0000000081e00000| PB 0x0000000081e00000| Untracked |  0
|   3|0x0000000081f00000, 0x0000000082000000, 0x0000000082000000|100%| O|  |TAMS 0x0000000081f00000| PB 0x0000000081f00000| Untracked |  0
|   4|0x0000000082000000, 0x00000000820c42b8, 0x0000000082100000| 76%| O|  |TAMS 0x0000000082000000| PB 0x0000000082000000| Untracked |  0
|   5|0x0000000082100000, 0x0000000082100000, 0x0000000082200000|  0%| F|  |TAMS 0x0000000082100000| PB 0x0000000082100000| Untracked |  0
|   6|0x0000000082200000, 0x0000000082200000, 0x0000000082300000|  0%| F|  |TAMS 0x0000000082200000| PB 0x0000000082200000| Untracked |  0
|   7|0x0000000082300000, 0x0000000082300000, 0x0000000082400000|  0%| F|  |TAMS 0x0000000082300000| PB 0x0000000082300000| Untracked |  0
|   8|0x0000000082400000, 0x0000000082400000, 0x0000000082500000|  0%| F|  |TAMS 0x0000000082400000| PB 0x0000000082400000| Untracked |  0
|   9|0x0000000082500000, 0x0000000082500000, 0x0000000082600000|  0%| F|  |TAMS 0x0000000082500000| PB 0x0000000082500000| Untracked |  0
|  10|0x0000000082600000, 0x0000000082600000, 0x0000000082700000|  0%| F|  |TAMS 0x0000000082600000| PB 0x0000000082600000| Untracked |  0
|  11|0x0000000082700000, 0x0000000082700000, 0x0000000082800000|  0%| F|  |TAMS 0x0000000082700000| PB 0x0000000082700000| Untracked |  0
|  12|0x0000000082800000, 0x0000000082800000, 0x0000000082900000|  0%| F|  |TAMS 0x0000000082800000| PB 0x0000000082800000| Untracked |  0
|  13|0x0000000082900000, 0x0000000082900000, 0x0000000082a00000|  0%| F|  |TAMS 0x0000000082900000| PB 0x0000000082900000| Untracked |  0
|  14|0x0000000082a00000, 0x0000000082a00000, 0x0000000082b00000|  0%| F|  |TAMS 0x0000000082a00000| PB 0x0000000082a00000| Untracked |  0
|  15|0x0000000082b00000, 0x0000000082b00000, 0x0000000082c00000|  0%| F|  |TAMS 0x0000000082b00000| PB 0x0000000082b00000| Untracked |  0
|  16|0x0000000082c00000, 0x0000000082c00000, 0x0000000082d00000|  0%| F|  |TAMS 0x0000000082c00000| PB 0x0000000082c00000| Untracked |  0
|  17|0x0000000082d00000, 0x0000000082d00000, 0x0000000082e00000|  0%| F|  |TAMS 0x0000000082d00000| PB 0x0000000082d00000| Untracked |  0
|  18|0x0000000082e00000, 0x0000000082e00000, 0x0000000082f00000|  0%| F|  |TAMS 0x0000000082e00000| PB 0x0000000082e00000| Untracked |  0
|  19|0x0000000082f00000, 0x0000000082f00000, 0x0000000083000000|  0%| F|  |TAMS 0x0000000082f00000| PB 0x0000000082f00000| Untracked |  0
|  20|0x0000000083000000, 0x0000000083000000, 0x0000000083100000|  0%| F|  |TAMS 0x0000000083000000| PB 0x0000000083000000| Untracked |  0
|  21|0x0000000083100000, 0x0000000083100000, 0x0000000083200000|  0%| F|  |TAMS 0x0000000083100000| PB 0x0000000083100000| Untracked |  0
|  22|0x0000000083200000, 0x0000000083200000, 0x0000000083300000|  0%| F|  |TAMS 0x0000000083200000| PB 0x0000000083200000| Untracked |  0
|  23|0x0000000083300000, 0x0000000083300000, 0x0000000083400000|  0%| F|  |TAMS 0x0000000083300000| PB 0x0000000083300000| Untracked |  0
|  24|0x0000000083400000, 0x0000000083400000, 0x0000000083500000|  0%| F|  |TAMS 0x0000000083400000| PB 0x0000000083400000| Untracked |  0
|  25|0x0000000083500000, 0x0000000083500000, 0x0000000083600000|  0%| F|  |TAMS 0x0000000083500000| PB 0x0000000083500000| Untracked |  0
|  26|0x0000000083600000, 0x0000000083600000, 0x0000000083700000|  0%| F|  |TAMS 0x0000000083600000| PB 0x0000000083600000| Untracked |  0
|  27|0x0000000083700000, 0x0000000083700000, 0x0000000083800000|  0%| F|  |TAMS 0x0000000083700000| PB 0x0000000083700000| Untracked |  0
|  28|0x0000000083800000, 0x0000000083800000, 0x0000000083900000|  0%| F|  |TAMS 0x0000000083800000| PB 0x0000000083800000| Untracked |  0
|  29|0x0000000083900000, 0x0000000083900000, 0x0000000083a00000|  0%| F|  |TAMS 0x0000000083900000| PB 0x0000000083900000| Untracked |  0
|  30|0x0000000083a00000, 0x0000000083a00000, 0x0000000083b00000|  0%| F|  |TAMS 0x0000000083a00000| PB 0x0000000083a00000| Untracked |  0
|  31|0x0000000083b00000, 0x0000000083b00000, 0x0000000083c00000|  0%| F|  |TAMS 0x0000000083b00000| PB 0x0000000083b00000| Untracked |  0
|  32|0x0000000083c00000, 0x0000000083c00000, 0x0000000083d00000|  0%| F|  |TAMS 0x0000000083c00000| PB 0x0000000083c00000| Untracked |  0
|  33|0x0000000083d00000, 0x0000000083d00000, 0x0000000083e00000|  0%| F|  |TAMS 0x0000000083d00000| PB 0x0000000083d00000| Untracked |  0
|  34|0x0000000083e00000, 0x0000000083e00000, 0x0000000083f00000|  0%| F|  |TAMS 0x0000000083e00000| PB 0x0000000083e00000| Untracked |  0
|  35|0x0000000083f00000, 0x0000000083f00000, 0x0000000084000000|  0%| F|  |TAMS 0x0000000083f00000| PB 0x0000000083f00000| Untracked |  0
|  36|0x0000000084000000, 0x0000000084000000, 0x0000000084100000|  0%| F|  |TAMS 0x0000000084000000| PB 0x0000000084000000| Untracked |  0
|  37|0x0000000084100000, 0x0000000084100000, 0x0000000084200000|  0%| F|  |TAMS 0x0000000084100000| PB 0x0000000084100000| Untracked |  0
|  38|0x0000000084200000, 0x0000000084200000, 0x0000000084300000|  0%| F|  |TAMS 0x0000000084200000| PB 0x0000000084200000| Untracked |  0
|  39|0x0000000084300000, 0x0000000084300000, 0x0000000084400000|  0%| F|  |TAMS 0x0000000084300000| PB 0x0000000084300000| Untracked |  0
|  40|0x0000000084400000, 0x0000000084400000, 0x0000000084500000|  0%| F|  |TAMS 0x0000000084400000| PB 0x0000000084400000| Untracked |  0
|  41|0x0000000084500000, 0x0000000084500000, 0x0000000084600000|  0%| F|  |TAMS 0x0000000084500000| PB 0x0000000084500000| Untracked |  0
|  42|0x0000000084600000, 0x0000000084600000, 0x0000000084700000|  0%| F|  |TAMS 0x0000000084600000| PB 0x0000000084600000| Untracked |  0
|  43|0x0000000084700000, 0x0000000084700000, 0x0000000084800000|  0%| F|  |TAMS 0x0000000084700000| PB 0x0000000084700000| Untracked |  0
|  44|0x0000000084800000, 0x0000000084800000, 0x0000000084900000|  0%| F|  |TAMS 0x0000000084800000| PB 0x0000000084800000| Untracked |  0
|  45|0x0000000084900000, 0x0000000084900000, 0x0000000084a00000|  0%| F|  |TAMS 0x0000000084900000| PB 0x0000000084900000| Untracked |  0
|  46|0x0000000084a00000, 0x0000000084a00000, 0x0000000084b00000|  0%| F|  |TAMS 0x0000000084a00000| PB 0x0000000084a00000| Untracked |  0
|  47|0x0000000084b00000, 0x0000000084b00000, 0x0000000084c00000|  0%| F|  |TAMS 0x0000000084b00000| PB 0x0000000084b00000| Untracked |  0
|  48|0x0000000084c00000, 0x0000000084c00000, 0x0000000084d00000|  0%| F|  |TAMS 0x0000000084c00000| PB 0x0000000084c00000| Untracked |  0
|  49|0x0000000084d00000, 0x0000000084d00000, 0x0000000084e00000|  0%| F|  |TAMS 0x0000000084d00000| PB 0x0000000084d00000| Untracked |  0
|  50|0x0000000084e00000, 0x0000000084e00000, 0x0000000084f00000|  0%| F|  |TAMS 0x0000000084e00000| PB 0x0000000084e00000| Untracked |  0
|  51|0x0000000084f00000, 0x0000000084f00000, 0x0000000085000000|  0%| F|  |TAMS 0x0000000084f00000| PB 0x0000000084f00000| Untracked |  0
|  52|0x0000000085000000, 0x0000000085000000, 0x0000000085100000|  0%| F|  |TAMS 0x0000000085000000| PB 0x0000000085000000| Untracked |  0
|  53|0x0000000085100000, 0x0000000085100000, 0x0000000085200000|  0%| F|  |TAMS 0x0000000085100000| PB 0x0000000085100000| Untracked |  0
|  54|0x0000000085200000, 0x0000000085200000, 0x0000000085300000|  0%| F|  |TAMS 0x0000000085200000| PB 0x0000000085200000| Untracked |  0
|  55|0x0000000085300000, 0x0000000085300000, 0x0000000085400000|  0%| F|  |TAMS 0x0000000085300000| PB 0x0000000085300000| Untracked |  0
|  56|0x0000000085400000, 0x0000000085400000, 0x0000000085500000|  0%| F|  |TAMS 0x0000000085400000| PB 0x0000000085400000| Untracked |  0
|  57|0x0000000085500000, 0x0000000085500000, 0x0000000085600000|  0%| F|  |TAMS 0x0000000085500000| PB 0x0000000085500000| Untracked |  0
|  58|0x0000000085600000, 0x0000000085600000, 0x0000000085700000|  0%| F|  |TAMS 0x0000000085600000| PB 0x0000000085600000| Untracked |  0
|  59|0x0000000085700000, 0x0000000085700000, 0x0000000085800000|  0%| F|  |TAMS 0x0000000085700000| PB 0x0000000085700000| Untracked |  0
|  60|0x0000000085800000, 0x0000000085800000, 0x0000000085900000|  0%| F|  |TAMS 0x0000000085800000| PB 0x0000000085800000| Untracked |  0
|  61|0x0000000085900000, 0x0000000085900000, 0x0000000085a00000|  0%| F|  |TAMS 0x0000000085900000| PB 0x0000000085900000| Untracked |  0
|  62|0x0000000085a00000, 0x0000000085a00000, 0x0000000085b00000|  0%| F|  |TAMS 0x0000000085a00000| PB 0x0000000085a00000| Untracked |  0
|  63|0x0000000085b00000, 0x0000000085b00000, 0x0000000085c00000|  0%| F|  |TAMS 0x0000000085b00000| PB 0x0000000085b00000| Untracked |  0
|  64|0x0000000085c00000, 0x0000000085c00000, 0x0000000085d00000|  0%| F|  |TAMS 0x0000000085c00000| PB 0x0000000085c00000| Untracked |  0
|  65|0x0000000085d00000, 0x0000000085d00000, 0x0000000085e00000|  0%| F|  |TAMS 0x0000000085d00000| PB 0x0000000085d00000| Untracked |  0
|  66|0x0000000085e00000, 0x0000000085e00000, 0x0000000085f00000|  0%| F|  |TAMS 0x0000000085e00000| PB 0x0000000085e00000| Untracked |  0
|  67|0x0000000085f00000, 0x0000000085f00000, 0x0000000086000000|  0%| F|  |TAMS 0x0000000085f00000| PB 0x0000000085f00000| Untracked |  0
|  68|0x0000000086000000, 0x0000000086000000, 0x0000000086100000|  0%| F|  |TAMS 0x0000000086000000| PB 0x0000000086000000| Untracked |  0
|  69|0x0000000086100000, 0x0000000086100000, 0x0000000086200000|  0%| F|  |TAMS 0x0000000086100000| PB 0x0000000086100000| Untracked |  0
|  70|0x0000000086200000, 0x0000000086200000, 0x0000000086300000|  0%| F|  |TAMS 0x0000000086200000| PB 0x0000000086200000| Untracked |  0
|  71|0x0000000086300000, 0x0000000086300000, 0x0000000086400000|  0%| F|  |TAMS 0x0000000086300000| PB 0x0000000086300000| Untracked |  0
|  72|0x0000000086400000, 0x0000000086400000, 0x0000000086500000|  0%| F|  |TAMS 0x0000000086400000| PB 0x0000000086400000| Untracked |  0
|  73|0x0000000086500000, 0x0000000086500000, 0x0000000086600000|  0%| F|  |TAMS 0x0000000086500000| PB 0x0000000086500000| Untracked |  0
|  74|0x0000000086600000, 0x0000000086600000, 0x0000000086700000|  0%| F|  |TAMS 0x0000000086600000| PB 0x0000000086600000| Untracked |  0
|  75|0x0000000086700000, 0x0000000086700000, 0x0000000086800000|  0%| F|  |TAMS 0x0000000086700000| PB 0x0000000086700000| Untracked |  0
|  76|0x0000000086800000, 0x0000000086800000, 0x0000000086900000|  0%| F|  |TAMS 0x0000000086800000| PB 0x0000000086800000| Untracked |  0
|  77|0x0000000086900000, 0x0000000086900000, 0x0000000086a00000|  0%| F|  |TAMS 0x0000000086900000| PB 0x0000000086900000| Untracked |  0
|  78|0x0000000086a00000, 0x0000000086a00000, 0x0000000086b00000|  0%| F|  |TAMS 0x0000000086a00000| PB 0x0000000086a00000| Untracked |  0
|  79|0x0000000086b00000, 0x0000000086b00000, 0x0000000086c00000|  0%| F|  |TAMS 0x0000000086b00000| PB 0x0000000086b00000| Untracked |  0
|  80|0x0000000086c00000, 0x0000000086c00000, 0x0000000086d00000|  0%| F|  |TAMS 0x0000000086c00000| PB 0x0000000086c00000| Untracked |  0
|  81|0x0000000086d00000, 0x0000000086d00000, 0x0000000086e00000|  0%| F|  |TAMS 0x0000000086d00000| PB 0x0000000086d00000| Untracked |  0
|  82|0x0000000086e00000, 0x0000000086e00000, 0x0000000086f00000|  0%| F|  |TAMS 0x0000000086e00000| PB 0x0000000086e00000| Untracked |  0
|  83|0x0000000086f00000, 0x0000000086f00000, 0x0000000087000000|  0%| F|  |TAMS 0x0000000086f00000| PB 0x0000000086f00000| Untracked |  0
|  84|0x0000000087000000, 0x0000000087000000, 0x0000000087100000|  0%| F|  |TAMS 0x0000000087000000| PB 0x0000000087000000| Untracked |  0
|  85|0x0000000087100000, 0x0000000087100000, 0x0000000087200000|  0%| F|  |TAMS 0x0000000087100000| PB 0x0000000087100000| Untracked |  0
|  86|0x0000000087200000, 0x0000000087200000, 0x0000000087300000|  0%| F|  |TAMS 0x0000000087200000| PB 0x0000000087200000| Untracked |  0
|  87|0x0000000087300000, 0x0000000087300000, 0x0000000087400000|  0%| F|  |TAMS 0x0000000087300000| PB 0x0000000087300000| Untracked |  0
|  88|0x0000000087400000, 0x0000000087400000, 0x0000000087500000|  0%| F|  |TAMS 0x0000000087400000| PB 0x0000000087400000| Untracked |  0
|  89|0x0000000087500000, 0x0000000087500000, 0x0000000087600000|  0%| F|  |TAMS 0x0000000087500000| PB 0x0000000087500000| Untracked |  0
|  90|0x0000000087600000, 0x0000000087600000, 0x0000000087700000|  0%| F|  |TAMS 0x0000000087600000| PB 0x0000000087600000| Untracked |  0
|  91|0x0000000087700000, 0x0000000087700000, 0x0000000087800000|  0%| F|  |TAMS 0x0000000087700000| PB 0x0000000087700000| Untracked |  0
|  92|0x0000000087800000, 0x0000000087800000, 0x0000000087900000|  0%| F|  |TAMS 0x0000000087800000| PB 0x0000000087800000| Untracked |  0
|  93|0x0000000087900000, 0x0000000087900000, 0x0000000087a00000|  0%| F|  |TAMS 0x0000000087900000| PB 0x0000000087900000| Untracked |  0
|  94|0x0000000087a00000, 0x0000000087a00000, 0x0000000087b00000|  0%| F|  |TAMS 0x0000000087a00000| PB 0x0000000087a00000| Untracked |  0
|  95|0x0000000087b00000, 0x0000000087b00000, 0x0000000087c00000|  0%| F|  |TAMS 0x0000000087b00000| PB 0x0000000087b00000| Untracked |  0
|  96|0x0000000087c00000, 0x0000000087c00000, 0x0000000087d00000|  0%| F|  |TAMS 0x0000000087c00000| PB 0x0000000087c00000| Untracked |  0
|  97|0x0000000087d00000, 0x0000000087d00000, 0x0000000087e00000|  0%| F|  |TAMS 0x0000000087d00000| PB 0x0000000087d00000| Untracked |  0
|  98|0x0000000087e00000, 0x0000000087e00000, 0x0000000087f00000|  0%| F|  |TAMS 0x0000000087e00000| PB 0x0000000087e00000| Untracked |  0
|  99|0x0000000087f00000, 0x0000000087f00000, 0x0000000088000000|  0%| F|  |TAMS 0x0000000087f00000| PB 0x0000000087f00000| Untracked |  0
| 100|0x0000000088000000, 0x0000000088000000, 0x0000000088100000|  0%| F|  |TAMS 0x0000000088000000| PB 0x0000000088000000| Untracked |  0
| 101|0x0000000088100000, 0x0000000088100000, 0x0000000088200000|  0%| F|  |TAMS 0x0000000088100000| PB 0x0000000088100000| Untracked |  0
| 102|0x0000000088200000, 0x0000000088200000, 0x0000000088300000|  0%| F|  |TAMS 0x0000000088200000| PB 0x0000000088200000| Untracked |  0
| 103|0x0000000088300000, 0x0000000088300000, 0x0000000088400000|  0%| F|  |TAMS 0x0000000088300000| PB 0x0000000088300000| Untracked |  0
| 104|0x0000000088400000, 0x0000000088400000, 0x0000000088500000|  0%| F|  |TAMS 0x0000000088400000| PB 0x0000000088400000| Untracked |  0
| 105|0x0000000088500000, 0x0000000088500000, 0x0000000088600000|  0%| F|  |TAMS 0x0000000088500000| PB 0x0000000088500000| Untracked |  0
| 106|0x0000000088600000, 0x0000000088600000, 0x0000000088700000|  0%| F|  |TAMS 0x0000000088600000| PB 0x0000000088600000| Untracked |  0
| 107|0x0000000088700000, 0x000000008877b6f0, 0x0000000088800000| 48%| S|CS|TAMS 0x0000000088700000| PB 0x0000000088700000| Complete |  0
| 108|0x0000000088800000, 0x0000000088900000, 0x0000000088900000|100%| S|CS|TAMS 0x0000000088800000| PB 0x0000000088800000| Complete |  0
| 109|0x0000000088900000, 0x0000000088a00000, 0x0000000088a00000|100%| S|CS|TAMS 0x0000000088900000| PB 0x0000000088900000| Complete |  0
| 110|0x0000000088a00000, 0x0000000088a00000, 0x0000000088b00000|  0%| F|  |TAMS 0x0000000088a00000| PB 0x0000000088a00000| Untracked |  0
| 111|0x0000000088b00000, 0x0000000088b00000, 0x0000000088c00000|  0%| F|  |TAMS 0x0000000088b00000| PB 0x0000000088b00000| Untracked |  0
| 112|0x0000000088c00000, 0x0000000088c00000, 0x0000000088d00000|  0%| F|  |TAMS 0x0000000088c00000| PB 0x0000000088c00000| Untracked |  0
| 113|0x0000000088d00000, 0x0000000088d00000, 0x0000000088e00000|  0%| F|  |TAMS 0x0000000088d00000| PB 0x0000000088d00000| Untracked |  0
| 114|0x0000000088e00000, 0x0000000088e00000, 0x0000000088f00000|  0%| F|  |TAMS 0x0000000088e00000| PB 0x0000000088e00000| Untracked |  0
| 115|0x0000000088f00000, 0x0000000088f00000, 0x0000000089000000|  0%| F|  |TAMS 0x0000000088f00000| PB 0x0000000088f00000| Untracked |  0
| 116|0x0000000089000000, 0x0000000089000000, 0x0000000089100000|  0%| F|  |TAMS 0x0000000089000000| PB 0x0000000089000000| Untracked |  0
| 117|0x0000000089100000, 0x0000000089100000, 0x0000000089200000|  0%| F|  |TAMS 0x0000000089100000| PB 0x0000000089100000| Untracked |  0
| 118|0x0000000089200000, 0x0000000089200000, 0x0000000089300000|  0%| F|  |TAMS 0x0000000089200000| PB 0x0000000089200000| Untracked |  0
| 119|0x0000000089300000, 0x0000000089300000, 0x0000000089400000|  0%| F|  |TAMS 0x0000000089300000| PB 0x0000000089300000| Untracked |  0
| 120|0x0000000089400000, 0x0000000089400000, 0x0000000089500000|  0%| F|  |TAMS 0x0000000089400000| PB 0x0000000089400000| Untracked |  0
| 121|0x0000000089500000, 0x0000000089500000, 0x0000000089600000|  0%| F|  |TAMS 0x0000000089500000| PB 0x0000000089500000| Untracked |  0
| 122|0x0000000089600000, 0x0000000089600000, 0x0000000089700000|  0%| F|  |TAMS 0x0000000089600000| PB 0x0000000089600000| Untracked |  0
| 123|0x0000000089700000, 0x0000000089700000, 0x0000000089800000|  0%| F|  |TAMS 0x0000000089700000| PB 0x0000000089700000| Untracked |  0
| 124|0x0000000089800000, 0x0000000089800000, 0x0000000089900000|  0%| F|  |TAMS 0x0000000089800000| PB 0x0000000089800000| Untracked |  0
| 125|0x0000000089900000, 0x0000000089900000, 0x0000000089a00000|  0%| F|  |TAMS 0x0000000089900000| PB 0x0000000089900000| Untracked |  0
| 126|0x0000000089a00000, 0x0000000089aaad30, 0x0000000089b00000| 66%| E|  |TAMS 0x0000000089a00000| PB 0x0000000089a00000| Complete |  0
| 127|0x0000000089b00000, 0x0000000089c00000, 0x0000000089c00000|100%| E|CS|TAMS 0x0000000089b00000| PB 0x0000000089b00000| Complete |  0

Card table byte_map: [0x00000273f8df0000,0x00000273f91f0000] _byte_map_base: 0x00000273f89e2000

Marking Bits: (CMBitMap*) 0x00000273f0706be0
 Bits: [0x00000273f91f0000, 0x00000273fb180000)

Polling page: 0x00000273ee6b0000

Metaspace:

Usage:
  Non-class:     10.24 MB used.
      Class:      1.42 MB used.
       Both:     11.67 MB used.

Virtual space:
  Non-class space:       64.00 MB reserved,      10.38 MB ( 16%) committed,  1 nodes.
      Class space:        1.00 GB reserved,       1.56 MB ( <1%) committed,  1 nodes.
             Both:        1.06 GB reserved,      11.94 MB (  1%) committed. 

Chunk freelists:
   Non-Class:  5.31 MB
       Class:  14.34 MB
        Both:  19.66 MB

MaxMetaspaceSize: unlimited
CompressedClassSpaceSize: 1.00 GB
Initial GC threshold: 21.00 MB
Current GC threshold: 21.00 MB
CDS: on
 - commit_granule_bytes: 65536.
 - commit_granule_words: 8192.
 - virtual_space_node_default_size: 8388608.
 - enlarge_chunks_in_place: 1.
 - use_allocation_guard: 0.


Internal statistics:

num_allocs_failed_limit: 0.
num_arena_births: 344.
num_arena_deaths: 0.
num_vsnodes_births: 2.
num_vsnodes_deaths: 0.
num_space_committed: 191.
num_space_uncommitted: 0.
num_chunks_returned_to_freelist: 0.
num_chunks_taken_from_freelist: 637.
num_chunk_merges: 0.
num_chunk_splits: 369.
num_chunks_enlarged: 202.
num_inconsistent_stats: 0.

CodeHeap 'non-profiled nmethods': size=120000Kb used=626Kb max_used=626Kb free=119373Kb
 bounds [0x0000027387ad0000, 0x0000027387d40000, 0x000002738f000000]
CodeHeap 'profiled nmethods': size=120000Kb used=3443Kb max_used=3443Kb free=116556Kb
 bounds [0x0000027380000000, 0x0000027380360000, 0x0000027387530000]
CodeHeap 'non-nmethods': size=5760Kb used=1467Kb max_used=1546Kb free=4293Kb
 bounds [0x0000027387530000, 0x00000273877a0000, 0x0000027387ad0000]
 total_blobs=2418 nmethods=1872 adapters=450
 compilation: enabled
              stopped_count=0, restarted_count=0
 full_count=0

Compilation events (20 events):
Event: 5.954 Thread 0x00000273fd674680 nmethod 1861 0x0000027380359d90 code [0x0000027380359f40, 0x000002738035a118]
Event: 5.954 Thread 0x00000273fd674680 1863       3       java.util.concurrent.CompletableFuture::unipush (44 bytes)
Event: 5.954 Thread 0x00000273fd674680 nmethod 1863 0x000002738035a210 code [0x000002738035a400, 0x000002738035a910]
Event: 5.955 Thread 0x00000273fd674680 1862       3       java.util.ImmutableCollections$AbstractImmutableList::iterator (13 bytes)
Event: 5.955 Thread 0x00000273fd674680 nmethod 1862 0x000002738035aa90 code [0x000002738035ac40, 0x000002738035afb0]
Event: 7.158 Thread 0x00000273fd671c80 1864       4       java.lang.Class::getClassLoader (28 bytes)
Event: 7.159 Thread 0x00000273fd671c80 nmethod 1864 0x0000027387b6aa90 code [0x0000027387b6ac00, 0x0000027387b6aca0]
Event: 7.161 Thread 0x00000273fd674680 1865       1       java.util.logging.Level::intValue (5 bytes)
Event: 7.161 Thread 0x00000273fd674680 nmethod 1865 0x0000027387b6ad90 code [0x0000027387b6af20, 0x0000027387b6afe8]
Event: 7.161 Thread 0x00000273fd674680 1866       3       java.util.HashMap::<init> (98 bytes)
Event: 7.162 Thread 0x00000273fd671c80 1867       4       java.lang.String::replace (42 bytes)
Event: 7.162 Thread 0x00000273fd674680 nmethod 1866 0x000002738035b110 code [0x000002738035b420, 0x000002738035c370]
Event: 7.163 Thread 0x00000273fd674680 1868       3       java.util.stream.ReferencePipeline$3$1::accept (23 bytes)
Event: 7.163 Thread 0x00000273fd674680 nmethod 1868 0x000002738035c910 code [0x000002738035cac0, 0x000002738035cd80]
Event: 7.164 Thread 0x00000273fd674680 1870       1       java.util.TreeMap$Entry::getKey (5 bytes)
Event: 7.164 Thread 0x00000273fd674680 nmethod 1870 0x0000027387b6b490 code [0x0000027387b6b620, 0x0000027387b6b6e8]
Event: 7.165 Thread 0x00000273fd674680 1871       1       java.util.Formatter$FormatSpecifier::index (5 bytes)
Event: 7.165 Thread 0x00000273fd674680 nmethod 1871 0x0000027387b6b790 code [0x0000027387b6b920, 0x0000027387b6b9e8]
Event: 7.165 Thread 0x00000273fd674680 1872       1       java.util.Formatter$FixedString::index (3 bytes)
Event: 7.165 Thread 0x00000273fd674680 nmethod 1872 0x0000027387b6ba90 code [0x0000027387b6bc20, 0x0000027387b6bce8]

GC Heap History (4 events):
Event: 1.031 GC heap before
{Heap before GC invocations=0 (full 0):
 garbage-first heap   total reserved 2068480K, committed 131072K, used 13312K [0x0000000081c00000, 0x0000000100000000)
  region size 1024K, 14 young (14336K), 0 survivors (0K)
 Metaspace       used 6001K, committed 6272K, reserved 1114112K
  class space    used 697K, committed 832K, reserved 1048576K
}
Event: 1.037 GC heap after
{Heap after GC invocations=1 (full 0):
 garbage-first heap   total reserved 2068480K, committed 131072K, used 4701K [0x0000000081c00000, 0x0000000100000000)
  region size 1024K, 2 young (2048K), 2 survivors (2048K)
 Metaspace       used 6001K, committed 6272K, reserved 1114112K
  class space    used 697K, committed 832K, reserved 1048576K
}
Event: 5.773 GC heap before
{Heap before GC invocations=1 (full 0):
 garbage-first heap   total reserved 2068480K, committed 131072K, used 20061K [0x0000000081c00000, 0x0000000100000000)
  region size 1024K, 18 young (18432K), 2 survivors (2048K)
 Metaspace       used 11819K, committed 12160K, reserved 1114112K
  class space    used 1443K, committed 1600K, reserved 1048576K
}
Event: 5.779 GC heap after
{Heap after GC invocations=2 (full 0):
 garbage-first heap   total reserved 2068480K, committed 131072K, used 7422K [0x0000000081c00000, 0x0000000100000000)
  region size 1024K, 3 young (3072K), 3 survivors (3072K)
 Metaspace       used 11819K, committed 12160K, reserved 1114112K
  class space    used 1443K, committed 1600K, reserved 1048576K
}

Dll operation events (12 events):
Event: 0.016 Loaded shared library C:\Users\iTi\.jdks\openjdk-22.0.1\bin\java.dll
Event: 0.053 Loaded shared library C:\Users\iTi\.jdks\openjdk-22.0.1\bin\jsvml.dll
Event: 0.126 Loaded shared library C:\Users\iTi\.jdks\openjdk-22.0.1\bin\zip.dll
Event: 0.129 Loaded shared library C:\Users\iTi\.jdks\openjdk-22.0.1\bin\instrument.dll
Event: 0.134 Loaded shared library C:\Users\iTi\.jdks\openjdk-22.0.1\bin\net.dll
Event: 0.136 Loaded shared library C:\Users\iTi\.jdks\openjdk-22.0.1\bin\nio.dll
Event: 0.138 Loaded shared library C:\Users\iTi\.jdks\openjdk-22.0.1\bin\zip.dll
Event: 0.182 Loaded shared library C:\Program Files\Java\IntelliJ IDEA Community Edition 2024.1\bin\breakgen64.dll
Event: 0.192 Loaded shared library C:\Users\iTi\.jdks\openjdk-22.0.1\bin\extnet.dll
Event: 0.224 Loaded shared library C:\Users\iTi\.jdks\openjdk-22.0.1\bin\jimage.dll
Event: 1.136 Loaded shared library C:\Users\iTi\.jdks\openjdk-22.0.1\bin\sunmscapi.dll
Event: 7.167 Loaded shared library C:\Users\iTi\.jdks\openjdk-22.0.1\bin\management.dll

Deoptimization events (20 events):
Event: 0.973 Thread 0x00000273f06af490 DEOPT PACKING pc=0x0000027387b0cc00 sp=0x000000e21f0fc940
Event: 0.973 Thread 0x00000273f06af490 DEOPT UNPACKING pc=0x00000273875846a2 sp=0x000000e21f0fc8a0 mode 2
Event: 1.043 Thread 0x00000273fd660d30 Uncommon trap: trap_request=0xffffff45 fr.pc=0x0000027387af9248 relative=0x0000000000000168
Event: 1.043 Thread 0x00000273fd660d30 Uncommon trap: reason=unstable_if action=reinterpret pc=0x0000027387af9248 method=java.util.regex.Pattern$BmpCharPropertyGreedy.match(Ljava/util/regex/Matcher;ILjava/lang/CharSequence;)Z @ 12 c2
Event: 1.043 Thread 0x00000273fd660d30 DEOPT PACKING pc=0x0000027387af9248 sp=0x000000e21fbfe650
Event: 1.043 Thread 0x00000273fd660d30 DEOPT UNPACKING pc=0x00000273875846a2 sp=0x000000e21fbfe5e8 mode 2
Event: 1.049 Thread 0x00000273f06af490 Uncommon trap: trap_request=0xffffff45 fr.pc=0x0000027387ae2734 relative=0x0000000000000194
Event: 1.049 Thread 0x00000273f06af490 Uncommon trap: reason=unstable_if action=reinterpret pc=0x0000027387ae2734 method=jdk.internal.util.ArraysSupport.vectorizedHashCode(Ljava/lang/Object;IIII)I @ 2 c2
Event: 1.049 Thread 0x00000273f06af490 DEOPT PACKING pc=0x0000027387ae2734 sp=0x000000e21f0fc170
Event: 1.049 Thread 0x00000273f06af490 DEOPT UNPACKING pc=0x00000273875846a2 sp=0x000000e21f0fc120 mode 2
Event: 1.069 Thread 0x00000273f06af490 DEOPT PACKING pc=0x00000273801b440b sp=0x000000e21f0fce80
Event: 1.069 Thread 0x00000273f06af490 DEOPT UNPACKING pc=0x0000027387584e42 sp=0x000000e21f0fc2f8 mode 0
Event: 1.070 Thread 0x00000273f06af490 DEOPT PACKING pc=0x00000273801b440b sp=0x000000e21f0fce80
Event: 1.070 Thread 0x00000273f06af490 DEOPT UNPACKING pc=0x0000027387584e42 sp=0x000000e21f0fc2f8 mode 0
Event: 1.072 Thread 0x00000273f06af490 DEOPT PACKING pc=0x00000273801b440b sp=0x000000e21f0fce80
Event: 1.072 Thread 0x00000273f06af490 DEOPT UNPACKING pc=0x0000027387584e42 sp=0x000000e21f0fc2f8 mode 0
Event: 1.146 Thread 0x00000273f06af490 Uncommon trap: trap_request=0xffffff45 fr.pc=0x0000027387b23f44 relative=0x0000000000000284
Event: 1.146 Thread 0x00000273f06af490 Uncommon trap: reason=unstable_if action=reinterpret pc=0x0000027387b23f44 method=java.util.HashMap.putVal(ILjava/lang/Object;Ljava/lang/Object;ZZ)Ljava/lang/Object; @ 162 c2
Event: 1.146 Thread 0x00000273f06af490 DEOPT PACKING pc=0x0000027387b23f44 sp=0x000000e21f0fc370
Event: 1.146 Thread 0x00000273f06af490 DEOPT UNPACKING pc=0x00000273875846a2 sp=0x000000e21f0fc2b8 mode 2

Classes loaded (20 events):
Event: 4.032 Loading class java/util/concurrent/locks/ReentrantReadWriteLock$WriteLock done
Event: 4.042 Loading class java/util/LinkedList$DescendingIterator
Event: 4.042 Loading class java/util/LinkedList$DescendingIterator done
Event: 4.047 Loading class sun/net/www/HeaderParser
Event: 4.048 Loading class sun/net/www/HeaderParser done
Event: 7.158 Loading class sun/net/ConnectionResetException
Event: 7.158 Loading class sun/net/ConnectionResetException done
Event: 7.160 Loading class java/util/concurrent/CompletionException
Event: 7.160 Loading class java/util/concurrent/CompletionException done
Event: 7.161 Loading class java/util/TreeMap$EntrySpliterator
Event: 7.161 Loading class java/util/TreeMap$EntrySpliterator done
Event: 7.163 Loading class java/util/stream/SortedOps$SizedRefSortingSink
Event: 7.163 Loading class java/util/stream/SortedOps$SizedRefSortingSink done
Event: 7.166 Loading class java/lang/management/ManagementFactory
Event: 7.166 Loading class java/lang/management/ManagementFactory done
Event: 7.168 Loading class java/lang/management/RuntimeMXBean
Event: 7.168 Loading class java/lang/management/PlatformManagedObject
Event: 7.168 Loading class java/lang/management/PlatformManagedObject done
Event: 7.168 Loading class java/lang/management/RuntimeMXBean done
Event: 7.168 Loading class java/lang/management/ManagementFactory$PlatformMBeanFinder

Classes unloaded (0 events):
No events

Classes redefined (0 events):
No events

Internal exceptions (20 events):
Event: 1.269 Thread 0x00000273d5191af0 Exception <a 'java/net/ConnectException'{0x000000008949e830}: Connection refused: getsockopt> (0x000000008949e830) 
thrown [s\open\src\hotspot\share\prims\jni.cpp, line 539]
Event: 1.315 Thread 0x00000273d5191af0 Exception <a 'java/net/ConnectException'{0x000000008949f750}: Connection refused: getsockopt> (0x000000008949f750) 
thrown [s\open\src\hotspot\share\prims\jni.cpp, line 539]
Event: 1.408 Thread 0x00000273d5191af0 Exception <a 'java/net/ConnectException'{0x00000000894a0670}: Connection refused: getsockopt> (0x00000000894a0670) 
thrown [s\open\src\hotspot\share\prims\jni.cpp, line 539]
Event: 1.579 Thread 0x00000273d5191af0 Exception <a 'java/net/ConnectException'{0x00000000894a1590}: Connection refused: getsockopt> (0x00000000894a1590) 
thrown [s\open\src\hotspot\share\prims\jni.cpp, line 539]
Event: 1.923 Thread 0x00000273d5191af0 Exception <a 'java/net/ConnectException'{0x00000000894a24b0}: Connection refused: getsockopt> (0x00000000894a24b0) 
thrown [s\open\src\hotspot\share\prims\jni.cpp, line 539]
Event: 2.253 Thread 0x00000273d5191af0 Exception <a 'java/net/ConnectException'{0x00000000894a3680}: Connection refused: getsockopt> (0x00000000894a3680) 
thrown [s\open\src\hotspot\share\prims\jni.cpp, line 539]
Event: 2.577 Thread 0x00000273d5191af0 Exception <a 'java/net/ConnectException'{0x00000000894a45a0}: Connection refused: getsockopt> (0x00000000894a45a0) 
thrown [s\open\src\hotspot\share\prims\jni.cpp, line 539]
Event: 2.970 Thread 0x00000273f06af490 Exception <a 'java/lang/NoSuchMethodError'{0x000000008935bca8}: 'java.lang.Object java.lang.invoke.DirectMethodHandle$Holder.newInvokeSpecial(java.lang.Object, java.lang.Object, int, int)'> (0x000000008935bca8) 
thrown [s\open\src\hotspot\share\interpreter\linkResolver.cpp, line 774]
Event: 2.970 Thread 0x00000273f06af490 Exception <a 'java/lang/NoSuchMethodError'{0x0000000089366138}: 'void java.lang.invoke.DirectMethodHandle$Holder.invokeStatic(java.lang.Object, java.lang.Object, int)'> (0x0000000089366138) 
thrown [s\open\src\hotspot\share\interpreter\linkResolver.cpp, line 774]
Event: 2.986 Thread 0x00000273f06af490 Exception <a 'java/lang/NoSuchMethodError'{0x00000000893ddfd0}: 'java.lang.Object java.lang.invoke.DirectMethodHandle$Holder.newInvokeSpecial(java.lang.Object, java.lang.Object, java.lang.Object, java.lang.Object, java.lang.Object)'> (0x00000000893ddfd0) 
thrown [s\open\src\hotspot\share\interpreter\linkResolver.cpp, line 774]
Event: 3.027 Thread 0x00000273d4a42a50 Exception <a 'java/lang/NoSuchMethodError'{0x00000000892f4720}: 'java.lang.Object java.lang.invoke.DirectMethodHandle$Holder.invokeSpecial(java.lang.Object, java.lang.Object, java.lang.Object, java.lang.Object, int)'> (0x00000000892f4720) 
thrown [s\open\src\hotspot\share\interpreter\linkResolver.cpp, line 774]
Event: 3.027 Thread 0x00000273d4a42a50 Exception <a 'java/lang/NoSuchMethodError'{0x00000000892f8078}: 'java.lang.Object java.lang.invoke.Invokers$Holder.linkToTargetMethod(java.lang.Object, java.lang.Object, int, java.lang.Object)'> (0x00000000892f8078) 
thrown [s\open\src\hotspot\share\interpreter\linkResolver.cpp, line 774]
Event: 3.034 Thread 0x00000273d4a42a50 Exception <a 'java/lang/NoSuchMethodError'{0x000000008910ff20}: 'void java.lang.invoke.DirectMethodHandle$Holder.invokeSpecial(java.lang.Object, java.lang.Object, java.lang.Object)'> (0x000000008910ff20) 
thrown [s\open\src\hotspot\share\interpreter\linkResolver.cpp, line 774]
Event: 3.048 Thread 0x00000273d4a42a50 Exception <a 'java/lang/NoSuchMethodError'{0x000000008913cc28}: 'void java.lang.invoke.DirectMethodHandle$Holder.invokeSpecial(java.lang.Object, java.lang.Object, java.lang.Object, java.lang.Object, java.lang.Object)'> (0x000000008913cc28) 
thrown [s\open\src\hotspot\share\interpreter\linkResolver.cpp, line 774]
Event: 3.849 Thread 0x00000273d4a42a50 Exception <a 'java/lang/NoSuchMethodError'{0x0000000089024938}: 'void java.lang.invoke.DirectMethodHandle$Holder.invokeSpecial(java.lang.Object, java.lang.Object, java.lang.Object, java.lang.Object, java.lang.Object, java.lang.Object, java.lang.Object)'> (0x0000000089024938) 
thrown [s\open\src\hotspot\share\interpreter\linkResolver.cpp, line 774]
Event: 3.903 Thread 0x00000273f06af490 Exception <a 'java/lang/NoSuchMethodError'{0x00000000892a9c40}: 'java.lang.Object java.lang.invoke.DirectMethodHandle$Holder.invokeSpecialIFC(java.lang.Object, java.lang.Object, java.lang.Object)'> (0x00000000892a9c40) 
thrown [s\open\src\hotspot\share\interpreter\linkResolver.cpp, line 774]
Event: 4.574 Thread 0x00000273d5191af0 Exception <a 'java/net/ConnectException'{0x00000000894b41a0}: Connection refused: getsockopt> (0x00000000894b41a0) 
thrown [s\open\src\hotspot\share\prims\jni.cpp, line 539]
Event: 4.588 Thread 0x00000273d5191af0 Exception <a 'java/net/ConnectException'{0x00000000894b5170}: Connection refused: getsockopt> (0x00000000894b5170) 
thrown [s\open\src\hotspot\share\prims\jni.cpp, line 539]
Event: 4.620 Thread 0x00000273d5191af0 Exception <a 'java/net/ConnectException'{0x00000000894b6140}: Connection refused: getsockopt> (0x00000000894b6140) 
thrown [s\open\src\hotspot\share\prims\jni.cpp, line 539]
Event: 7.158 Thread 0x00000273d5a7fad0 Exception <a 'sun/net/ConnectionResetException'{0x0000000089bff228}: Connection reset> (0x0000000089bff228) 
thrown [s\open\src\hotspot\share\prims\jni.cpp, line 539]

ZGC Phase Switch (0 events):
No events

VM Operations (20 events):
Event: 1.205 Executing VM operation: HandshakeAllThreads (Deoptimize)
Event: 1.205 Executing VM operation: HandshakeAllThreads (Deoptimize) done
Event: 2.219 Executing VM operation: Cleanup
Event: 2.219 Executing VM operation: Cleanup done
Event: 2.914 Executing VM operation: HandshakeAllThreads (Deoptimize)
Event: 2.915 Executing VM operation: HandshakeAllThreads (Deoptimize) done
Event: 3.832 Executing VM operation: HandshakeAllThreads (Deoptimize)
Event: 3.832 Executing VM operation: HandshakeAllThreads (Deoptimize) done
Event: 3.832 Executing VM operation: Cleanup
Event: 3.832 Executing VM operation: Cleanup done
Event: 3.834 Executing VM operation: HandshakeAllThreads (Deoptimize)
Event: 3.834 Executing VM operation: HandshakeAllThreads (Deoptimize) done
Event: 4.841 Executing VM operation: Cleanup
Event: 4.841 Executing VM operation: Cleanup done
Event: 5.773 Executing VM operation: G1CollectForAllocation (G1 Evacuation Pause)
Event: 5.779 Executing VM operation: G1CollectForAllocation (G1 Evacuation Pause) done
Event: 5.822 Executing VM operation: HandshakeAllThreads (Deoptimize)
Event: 5.822 Executing VM operation: HandshakeAllThreads (Deoptimize) done
Event: 6.822 Executing VM operation: Cleanup
Event: 6.822 Executing VM operation: Cleanup done

Events (20 events):
Event: 3.014 Thread 0x00000273d4a42a50 Thread added: 0x00000273d4a42a50
Event: 3.060 Thread 0x00000273d4a451b0 Thread added: 0x00000273d4a451b0
Event: 3.061 Thread 0x00000273d4a43e00 Thread added: 0x00000273d4a43e00
Event: 3.982 Thread 0x00000273d4a43770 Thread added: 0x00000273d4a43770
Event: 3.985 Thread 0x00000273d4a423c0 Thread added: 0x00000273d4a423c0
Event: 4.008 Thread 0x00000273d4a44490 Thread added: 0x00000273d4a44490
Event: 4.043 Thread 0x00000273d4a44b20 Thread added: 0x00000273d4a44b20
Event: 4.112 Thread 0x00000273d593c630 Thread added: 0x00000273d593c630
Event: 4.540 Thread 0x00000273d593c630 Thread exited: 0x00000273d593c630
Event: 4.554 Thread 0x00000273d5a7fad0 Thread added: 0x00000273d5a7fad0
Event: 4.563 Thread 0x00000273d5a7da00 Thread added: 0x00000273d5a7da00
Event: 4.563 Thread 0x00000273d5a7edb0 Thread added: 0x00000273d5a7edb0
Event: 4.563 Thread 0x00000273d5a7e720 Thread added: 0x00000273d5a7e720
Event: 4.675 Thread 0x00000273d5a807f0 Thread added: 0x00000273d5a807f0
Event: 4.678 Thread 0x00000273d5a80e80 Thread added: 0x00000273d5a80e80
Event: 4.678 Thread 0x00000273d5a7f440 Thread added: 0x00000273d5a7f440
Event: 5.772 Thread 0x00000273d5a7e090 Thread added: 0x00000273d5a7e090
Event: 5.772 Thread 0x00000273d5a80160 Thread added: 0x00000273d5a80160
Event: 5.784 Thread 0x00000273d4ae2200 Thread added: 0x00000273d4ae2200
Event: 5.792 Thread 0x00000273d4ae5680 Thread added: 0x00000273d4ae5680


Dynamic libraries:
0x00007ff7da180000 - 0x00007ff7da18e000 	C:\Users\iTi\.jdks\openjdk-22.0.1\bin\java.exe
0x00007ffdd7a10000 - 0x00007ffdd7c27000 	C:\Windows\SYSTEM32\ntdll.dll
0x00007ffdd6370000 - 0x00007ffdd6434000 	C:\Windows\System32\KERNEL32.DLL
0x00007ffdd4fe0000 - 0x00007ffdd5387000 	C:\Windows\System32\KERNELBASE.dll
0x00007ffdd4d30000 - 0x00007ffdd4e41000 	C:\Windows\System32\ucrtbase.dll
0x00007ffdbe6c0000 - 0x00007ffdbe6db000 	C:\Users\iTi\.jdks\openjdk-22.0.1\bin\VCRUNTIME140.dll
0x00007ffdbea20000 - 0x00007ffdbea37000 	C:\Users\iTi\.jdks\openjdk-22.0.1\bin\jli.dll
0x00007ffdd5740000 - 0x00007ffdd58ee000 	C:\Windows\System32\USER32.dll
0x00007ffdd4fb0000 - 0x00007ffdd4fd6000 	C:\Windows\System32\win32u.dll
0x00007ffdd7790000 - 0x00007ffdd77b9000 	C:\Windows\System32\GDI32.dll
0x00007ffdd55a0000 - 0x00007ffdd56b9000 	C:\Windows\System32\gdi32full.dll
0x00007ffdd4f10000 - 0x00007ffdd4faa000 	C:\Windows\System32\msvcp_win.dll
0x00007ffdc90d0000 - 0x00007ffdc9363000 	C:\Windows\WinSxS\amd64_microsoft.windows.common-controls_6595b64144ccf1df_6.0.22621.3527_none_270e469b73872a76\COMCTL32.dll
0x00007ffdd77c0000 - 0x00007ffdd7867000 	C:\Windows\System32\msvcrt.dll
0x00007ffdd69a0000 - 0x00007ffdd69d1000 	C:\Windows\System32\IMM32.DLL
0x00007ffdcd7c0000 - 0x00007ffdcd7cc000 	C:\Users\iTi\.jdks\openjdk-22.0.1\bin\vcruntime140_1.dll
0x00007ffd937a0000 - 0x00007ffd9382e000 	C:\Users\iTi\.jdks\openjdk-22.0.1\bin\msvcp140.dll
0x00007ffd5d470000 - 0x00007ffd5e1b7000 	C:\Users\iTi\.jdks\openjdk-22.0.1\bin\server\jvm.dll
0x00007ffdd7490000 - 0x00007ffdd7542000 	C:\Windows\System32\ADVAPI32.dll
0x00007ffdd6440000 - 0x00007ffdd64e8000 	C:\Windows\System32\sechost.dll
0x00007ffdd5400000 - 0x00007ffdd5428000 	C:\Windows\System32\bcrypt.dll
0x00007ffdd64f0000 - 0x00007ffdd6605000 	C:\Windows\System32\RPCRT4.dll
0x00007ffdd7410000 - 0x00007ffdd7481000 	C:\Windows\System32\WS2_32.dll
0x00007ffdceb50000 - 0x00007ffdceb84000 	C:\Windows\SYSTEM32\WINMM.dll
0x00007ffdcc550000 - 0x00007ffdcc55a000 	C:\Windows\SYSTEM32\VERSION.dll
0x00007ffdd3b70000 - 0x00007ffdd3bbd000 	C:\Windows\SYSTEM32\POWRPROF.dll
0x00007ffdd3b50000 - 0x00007ffdd3b63000 	C:\Windows\SYSTEM32\UMPDC.dll
0x00007ffdd3e00000 - 0x00007ffdd3e18000 	C:\Windows\SYSTEM32\kernel.appcore.dll
0x00007ffdcc170000 - 0x00007ffdcc17a000 	C:\Users\iTi\.jdks\openjdk-22.0.1\bin\jimage.dll
0x00007ffdd1e50000 - 0x00007ffdd2082000 	C:\Windows\SYSTEM32\DBGHELP.DLL
0x00007ffdd5f80000 - 0x00007ffdd6308000 	C:\Windows\System32\combase.dll
0x00007ffdd7550000 - 0x00007ffdd7627000 	C:\Windows\System32\OLEAUT32.dll
0x00007ffdcc130000 - 0x00007ffdcc162000 	C:\Windows\SYSTEM32\dbgcore.DLL
0x00007ffdd56c0000 - 0x00007ffdd5739000 	C:\Windows\System32\bcryptPrimitives.dll
0x00007ffdcf8b0000 - 0x00007ffdcf8bf000 	C:\Users\iTi\.jdks\openjdk-22.0.1\bin\instrument.dll
0x00007ffdb9d30000 - 0x00007ffdb9d4e000 	C:\Users\iTi\.jdks\openjdk-22.0.1\bin\java.dll
0x00007ffdd6a70000 - 0x00007ffdd72cc000 	C:\Windows\System32\SHELL32.dll
0x00007ffdd5dd0000 - 0x00007ffdd5f75000 	C:\Windows\System32\ole32.dll
0x00007ffdd2c30000 - 0x00007ffdd3526000 	C:\Windows\SYSTEM32\windows.storage.dll
0x00007ffdd2af0000 - 0x00007ffdd2c2e000 	C:\Windows\SYSTEM32\wintypes.dll
0x00007ffdd7630000 - 0x00007ffdd7725000 	C:\Windows\System32\SHCORE.dll
0x00007ffdd67d0000 - 0x00007ffdd682e000 	C:\Windows\System32\shlwapi.dll
0x00007ffdd4c60000 - 0x00007ffdd4c81000 	C:\Windows\SYSTEM32\profapi.dll
0x00007ffd8d6e0000 - 0x00007ffd8d7b7000 	C:\Users\iTi\.jdks\openjdk-22.0.1\bin\jsvml.dll
0x00007ffda7390000 - 0x00007ffda73a7000 	C:\Users\iTi\.jdks\openjdk-22.0.1\bin\zip.dll
0x00007ffdcb730000 - 0x00007ffdcb740000 	C:\Users\iTi\.jdks\openjdk-22.0.1\bin\net.dll
0x00007ffdd4260000 - 0x00007ffdd42c9000 	C:\Windows\system32\mswsock.dll
0x00007ffda8db0000 - 0x00007ffda8dc6000 	C:\Users\iTi\.jdks\openjdk-22.0.1\bin\nio.dll
0x00007ffdc86f0000 - 0x00007ffdc870a000 	C:\Program Files\Java\IntelliJ IDEA Community Edition 2024.1\bin\breakgen64.dll
0x00007ffdcb6f0000 - 0x00007ffdcb6f9000 	C:\Users\iTi\.jdks\openjdk-22.0.1\bin\extnet.dll
0x00007ffdd3870000 - 0x00007ffdd3968000 	C:\Windows\SYSTEM32\DNSAPI.dll
0x00007ffdd3800000 - 0x00007ffdd382d000 	C:\Windows\SYSTEM32\IPHLPAPI.DLL
0x00007ffdd6a60000 - 0x00007ffdd6a69000 	C:\Windows\System32\NSI.dll
0x00007ffdca050000 - 0x00007ffdca05a000 	C:\Windows\System32\rasadhlp.dll
0x00007ffdce7d0000 - 0x00007ffdce853000 	C:\Windows\System32\fwpuclnt.dll
0x00007ffdd45b0000 - 0x00007ffdd45cb000 	C:\Windows\SYSTEM32\CRYPTSP.dll
0x00007ffdd3d60000 - 0x00007ffdd3d95000 	C:\Windows\system32\rsaenh.dll
0x00007ffdd4300000 - 0x00007ffdd4328000 	C:\Windows\SYSTEM32\USERENV.dll
0x00007ffdd4590000 - 0x00007ffdd459c000 	C:\Windows\SYSTEM32\CRYPTBASE.dll
0x00007ffdcf2f0000 - 0x00007ffdcf2fe000 	C:\Users\iTi\.jdks\openjdk-22.0.1\bin\sunmscapi.dll
0x00007ffdd5430000 - 0x00007ffdd5598000 	C:\Windows\System32\CRYPT32.dll
0x00007ffdd46d0000 - 0x00007ffdd46fe000 	C:\Windows\SYSTEM32\ncrypt.dll
0x00007ffdd4690000 - 0x00007ffdd46c7000 	C:\Windows\SYSTEM32\NTASN1.dll
0x00007ffdc84d0000 - 0x00007ffdc84d8000 	C:\Windows\system32\wshunix.dll
0x00007ffdcf8a0000 - 0x00007ffdcf8aa000 	C:\Users\iTi\.jdks\openjdk-22.0.1\bin\management.dll

dbghelp: loaded successfully - version: 4.0.5 - missing functions: none
symbol engine: initialized successfully - sym options: 0x614 - pdb path: .;C:\Users\iTi\.jdks\openjdk-22.0.1\bin;C:\Windows\SYSTEM32;C:\Windows\WinSxS\amd64_microsoft.windows.common-controls_6595b64144ccf1df_6.0.22621.3527_none_270e469b73872a76;C:\Users\iTi\.jdks\openjdk-22.0.1\bin\server;C:\Program Files\Java\IntelliJ IDEA Community Edition 2024.1\bin

VM Arguments:
jvm_args: -javaagent:C:\Program Files\Java\IntelliJ IDEA Community Edition 2024.1\lib\idea_rt.jar=52711:C:\Program Files\Java\IntelliJ IDEA Community Edition 2024.1\bin -Dfile.encoding=UTF-8 -Dsun.stdout.encoding=UTF-8 -Dsun.stderr.encoding=UTF-8 
java_command: HomePage
java_class_path (initial): C:\Users\iTi\Documents\Amazon\target\classes;C:\Users\iTi\.m2\repository\org\seleniumhq\selenium\selenium-java\4.22.0\selenium-java-4.22.0.jar;C:\Users\iTi\.m2\repository\org\seleniumhq\selenium\selenium-api\4.22.0\selenium-api-4.22.0.jar;C:\Users\iTi\.m2\repository\org\seleniumhq\selenium\selenium-chrome-driver\4.22.0\selenium-chrome-driver-4.22.0.jar;C:\Users\iTi\.m2\repository\com\google\auto\service\auto-service-annotations\1.1.1\auto-service-annotations-1.1.1.jar;C:\Users\iTi\.m2\repository\org\seleniumhq\selenium\selenium-chromium-driver\4.22.0\selenium-chromium-driver-4.22.0.jar;C:\Users\iTi\.m2\repository\org\seleniumhq\selenium\selenium-json\4.22.0\selenium-json-4.22.0.jar;C:\Users\iTi\.m2\repository\org\seleniumhq\selenium\selenium-manager\4.22.0\selenium-manager-4.22.0.jar;C:\Users\iTi\.m2\repository\org\seleniumhq\selenium\selenium-devtools-v124\4.22.0\selenium-devtools-v124-4.22.0.jar;C:\Users\iTi\.m2\repository\org\seleniumhq\selenium\selenium-devtools-v125\4.22.0\selenium-devtools-v125-4.22.0.jar;C:\Users\iTi\.m2\repository\org\seleniumhq\selenium\selenium-devtools-v126\4.22.0\selenium-devtools-v126-4.22.0.jar;C:\Users\iTi\.m2\repository\org\seleniumhq\selenium\selenium-devtools-v85\4.22.0\selenium-devtools-v85-4.22.0.jar;C:\Users\iTi\.m2\repository\org\seleniumhq\selenium\selenium-edge-driver\4.22.0\selenium-edge-driver-4.22.0.jar;C:\Users\iTi\.m2\repository\org\seleniumhq\selenium\selenium-firefox-driver\4.22.0\selenium-firefox-driver-4.22.0.jar;C:\Users\iTi\.m2\repository\org\seleniumhq\selenium\selenium-http\4.22.0\selenium-http-4.22.0.jar;C:\Users\iTi\.m2\repository\dev\failsafe\failsafe\3.3.2\failsafe-3.3.2.jar;C:\Users\iTi\.m2\repository\org\seleniumhq\selenium\selenium-ie-driver\4.22.0\selenium-ie-driver-4.22.0.jar;C:\Users\iTi\.m2\repository\org\seleniumhq\selenium\selenium-remote-driver\4.22.0\selenium-remote-driver-4.22.0.jar;C:\Users\iTi\.m2\repository\com\google\guava\guava\33.2.1-jre\guava-33.2.1-jre.jar;C:\Users\iTi\.m2\repository\com\google\guava\failureaccess\1.0.2\failureaccess-1.0.2.jar;C:\Users\iTi\.m2\repository\com\google\guava\listenablefuture\9999.0-empty-to-avoid-conflict-with-guava\listenablefuture-9999.0-empty-to-avoid-conflict-with-guava.jar;C:\Users\iTi\.m2\repository\com\google\code\findbugs\jsr305\3.0.2\jsr305-3.0.2.jar;C:\Users\iTi\.m2\repository\org\checkerframework\checker-qual\3.42.0\checker-qual-3.42.0.jar;C:\Users\iTi\.m2\repository\com\google\errorprone\error_prone_annotations\2.26.1\error_prone_annotations-2.26.1.jar;C:\Users\iTi\.m2\repository\com\google\j2objc\j2objc-annotations\3.0.0\j2objc-annotations-3.0.0.jar;C:\Users\iTi\.m2\repository\io\opentelemetry\semconv\opentelemetry-semconv\1.25.0-alpha\opentelemetry-semconv-1.25.0-alpha.jar;C:\Users\iTi\.m2\repository\io\opentelemetry\opentelemetry-api\1.39.0\opentelemetry-api-1.39.0.jar;C:\Users\iTi\.m2\repository\io\opentelemetry\opentelemetry-context\1.39.0\opentelemetry-context-1.39.0.jar;C:\Users\iTi\.m2\repository\io\opentelemetry\opentelemetry-exporter-logging\1.39.0\opentelemetry-exporter-logging-1.39.0.jar;C:\Users\iTi\.m2\repository\io\opentelemetry\opentelemetry-sdk-common\1.39.0\opentelemetry-sdk-common-1.39.0.jar;C:\Users\iTi\.m2\repository\io\opentelemetry\opentelemetry-sdk-extension-autoconfigure-spi\1.39.0\opentelemetry-sdk-extension-autoconfigure-spi-1.39.0.jar;C:\Users\iTi\.m2\repository\io\opentelemetry\opentelemetry-sdk-extension-autoconfigure\1.39.0\opentelemetry-sdk-extension-autoconfigure-1.39.0.jar;C:\Users\iTi\.m2\repository\io\opentelemetry\opentelemetry-api-incubator\1.39.0-alpha\opentelemetry-api-incubator-1.39.0-alpha.jar;C:\Users\iTi\.m2\repository\io\opentelemetry\opentelemetry-sdk-trace\1.39.0\opentelemetry-sdk-trace-1.39.0.jar;C:\Users\iTi\.m2\repository\io\opentelemetry\opentelemetry-sdk\1.39.0\opentelemetry-sdk-1.39.0.jar;C:\Users\iTi\.m2\repository\io\opentelemetry\opentelemetry-sdk-metrics\1.39.0\opentelemetry-sdk-metrics-1.39.0.jar;C:\Users\iTi\.m2\repository\io\opentelemetry\opentelemetry-sdk-logs\1.39.0\opentelemetry-sdk-logs-1.39.0.jar;C:\Users\iTi\.m2\repository\net\bytebuddy\byte-buddy\1.14.17\byte-buddy-1.14.17.jar;C:\Users\iTi\.m2\repository\org\seleniumhq\selenium\selenium-os\4.22.0\selenium-os-4.22.0.jar;C:\Users\iTi\.m2\repository\org\apache\commons\commons-exec\1.4.0\commons-exec-1.4.0.jar;C:\Users\iTi\.m2\repository\org\seleniumhq\selenium\selenium-safari-driver\4.22.0\selenium-safari-driver-4.22.0.jar;C:\Users\iTi\.m2\repository\org\seleniumhq\selenium\selenium-support\4.22.0\selenium-support-4.22.0.jar
Launcher Type: SUN_STANDARD

[Global flags]
     intx CICompilerCount                          = 3                                         {product} {ergonomic}
     uint ConcGCThreads                            = 1                                         {product} {ergonomic}
     uint G1ConcRefinementThreads                  = 4                                         {product} {ergonomic}
   size_t G1HeapRegionSize                         = 1048576                                   {product} {ergonomic}
   size_t InitialHeapSize                          = 134217728                                 {product} {ergonomic}
   size_t MarkStackSize                            = 4194304                                   {product} {ergonomic}
   size_t MaxHeapSize                              = 2118123520                                {product} {ergonomic}
   size_t MaxNewSize                               = 1270874112                                {product} {ergonomic}
   size_t MinHeapDeltaBytes                        = 1048576                                   {product} {ergonomic}
   size_t MinHeapSize                              = 8388608                                   {product} {ergonomic}
    uintx NonNMethodCodeHeapSize                   = 5832780                                {pd product} {ergonomic}
    uintx NonProfiledCodeHeapSize                  = 122912730                              {pd product} {ergonomic}
    uintx ProfiledCodeHeapSize                     = 122912730                              {pd product} {ergonomic}
    uintx ReservedCodeCacheSize                    = 251658240                              {pd product} {ergonomic}
     bool SegmentedCodeCache                       = true                                      {product} {ergonomic}
   size_t SoftMaxHeapSize                          = 2118123520                             {manageable} {ergonomic}
     bool UseCompressedOops                        = true                           {product lp64_product} {ergonomic}
     bool UseG1GC                                  = true                                      {product} {ergonomic}
     bool UseLargePagesIndividualAllocation        = false                                  {pd product} {ergonomic}

Logging:
Log output configuration:
 #0: stdout all=warning uptime,level,tags foldmultilines=false
 #1: stderr all=off uptime,level,tags foldmultilines=false

Environment Variables:
JAVA_HOME=C:\Program Files\Java\jdk-1.8
PATH=C:\Program Files\Common Files\Oracle\Java\javapath;C:\Program Files (x86)\Common Files\Oracle\Java\java8path;C:\Program Files (x86)\Common Files\Oracle\Java\javapath;C:\Windows\system32;C:\Windows;C:\Windows\System32\Wbem;C:\Windows\System32\WindowsPowerShell\v1.0\;C:\Windows\System32\OpenSSH\;C:\Program Files (x86)\Microsoft SQL Server\160\DTS\Binn\;C:\Program Files\Azure Data Studio\bin;C:\Program Files\Microsoft SQL Server\Client SDK\ODBC\130\Tools\Binn\;C:\Program Files (x86)\Microsoft SQL Server\140\Tools\Binn\;C:\Program Files\Microsoft SQL Server\140\Tools\Binn\;C:\Program Files\Microsoft SQL Server\140\DTS\Binn\;C:\Program Files\Git\cmd;C:\Program Files\nodejs\;C:\Program Files\Java\jdk-1.8\bin;C:\Program Files\Java\IntelliJ IDEA Community Edition 2024.1\plugins\maven\lib\apache-maven-3.9.7\bin;C:\Users\iTi\AppData\Local\Microsoft\WindowsApps;;C:\Program Files\Azure Data Studio\bin;C:\Users\iTi\AppData\Roaming\npm
USERNAME=iTi
OS=Windows_NT
PROCESSOR_IDENTIFIER=Intel64 Family 6 Model 94 Stepping 3, GenuineIntel
TMP=C:\Users\iTi\AppData\Local\Temp
TEMP=C:\Users\iTi\AppData\Local\Temp




Periodic native trim disabled

---------------  S Y S T E M  ---------------

OS:
 Windows 11 , 64 bit Build 22621 (10.0.22621.3527)
OS uptime: 30 days 11:35 hours
Hyper-V role detected

CPU: total 4 (initial active 4) (4 cores per cpu, 1 threads per core) family 6 model 94 stepping 3 microcode 0xd6, cx8, cmov, fxsr, mmx, 3dnowpref, sse, sse2, sse3, ssse3, sse4.1, sse4.2, popcnt, lzcnt, tsc, tscinvbit, avx, avx2, aes, erms, clmul, bmi1, bmi2, rtm, adx, fma, vzeroupper, clflush, clflushopt, hv, rdtscp, f16c
Processor Information for processor 0
  Max Mhz: 2592, Current Mhz: 1495, Mhz Limit: 2592
Processor Information for processor 1
  Max Mhz: 2592, Current Mhz: 1495, Mhz Limit: 2592
Processor Information for processor 2
  Max Mhz: 2592, Current Mhz: 2592, Mhz Limit: 2592
Processor Information for processor 3
  Max Mhz: 2592, Current Mhz: 2592, Mhz Limit: 2592

Memory: 4k page, system-wide physical 8076M (728M free)
TotalPageFile size 11788M (AvailPageFile size 8M)
current process WorkingSet (physical memory assigned to process): 91M, peak: 105M
current process commit charge ("private bytes"): 225M, peak: 245M

vm_info: OpenJDK 64-Bit Server VM (22.0.1+8-16) for windows-amd64 JRE (22.0.1+8-16), built on 2024-03-12T10:33:16Z by "mach5one" with MS VC++ 17.6 (VS2022)

END.
